Using pre-set license
Built from '2020.3/staging' branch; Version is '2020.3.28f1 (f5400f52e03f) revision 16072719'; Using compiler version '192528614'; Build Type 'Release'
OS: 'Windows 10  (10.0.19043) 64bit CoreSingleLanguage' Language: 'pt' Physical Memory: 12168 MB
BatchMode: 1, IsHumanControllingUs: 0, StartBugReporterOnCrash: 0, Is64bit: 1, IsPro: 0

COMMAND LINE ARGUMENTS:
C:\Program Files\Unity\Hub\Editor\2020.3.28f1\Editor\Unity.exe
-adb2
-batchMode
-noUpm
-name
AssetImportWorker0
-projectPath
C:/Users/filip/OneDrive/Documentos/Portfolio/Unity/Grass Shader URP
-logFile
Logs/AssetImportWorker0.log
-srvPort
50647
Successfully changed project path to: C:/Users/filip/OneDrive/Documentos/Portfolio/Unity/Grass Shader URP
C:/Users/filip/OneDrive/Documentos/Portfolio/Unity/Grass Shader URP
Using Asset Import Pipeline V2.
Refreshing native plugins compatible for Editor in 223.41 ms, found 2 plugins.
Preloading 0 native plugins for Editor in 0.00 ms.
Initialize engine version: 2020.3.28f1 (f5400f52e03f)
[Subsystems] Discovering subsystems at path C:/Program Files/Unity/Hub/Editor/2020.3.28f1/Editor/Data/Resources/UnitySubsystems
[Subsystems] Discovering subsystems at path C:/Users/filip/OneDrive/Documentos/Portfolio/Unity/Grass Shader URP/Assets
GfxDevice: creating device client; threaded=0
Direct3D:
    Version:  Direct3D 11.0 [level 11.1]
    Renderer: Intel(R) HD Graphics 520 (ID=0x1916)
    Vendor:   
    VRAM:     6084 MB
    Driver:   25.20.100.6446
Initialize mono
Mono path[0] = 'C:/Program Files/Unity/Hub/Editor/2020.3.28f1/Editor/Data/Managed'
Mono path[1] = 'C:/Program Files/Unity/Hub/Editor/2020.3.28f1/Editor/Data/MonoBleedingEdge/lib/mono/unityjit'
Mono config path = 'C:/Program Files/Unity/Hub/Editor/2020.3.28f1/Editor/Data/MonoBleedingEdge/etc'
Using monoOptions --debugger-agent=transport=dt_socket,embedding=1,server=y,suspend=n,address=127.0.0.1:56768
Begin MonoManager ReloadAssembly
Registering precompiled unity dll's ...
Register platform support module: C:/Program Files/Unity/Hub/Editor/2020.3.28f1/Editor/Data/PlaybackEngines/MacStandaloneSupport/UnityEditor.OSXStandalone.Extensions.dll
Register platform support module: C:/Program Files/Unity/Hub/Editor/2020.3.28f1/Editor/Data/PlaybackEngines/WindowsStandaloneSupport/UnityEditor.WindowsStandalone.Extensions.dll
Register platform support module: C:/Program Files/Unity/Hub/Editor/2020.3.28f1/Editor/Data/PlaybackEngines/LinuxStandaloneSupport/UnityEditor.LinuxStandalone.Extensions.dll
Registered in 0.007777 seconds.
Native extension for LinuxStandalone target not found
Native extension for WindowsStandalone target not found
Native extension for OSXStandalone target not found
Refreshing native plugins compatible for Editor in 152.45 ms, found 2 plugins.
Preloading 0 native plugins for Editor in 0.00 ms.
Mono: successfully reloaded assembly
- Completed reload, in  1.775 seconds
Domain Reload Profiling:
	ReloadAssembly (1776ms)
		BeginReloadAssembly (231ms)
			ExecutionOrderSort (0ms)
			DisableScriptedObjects (0ms)
			BackupInstance (0ms)
			ReleaseScriptingObjects (0ms)
			CreateAndSetChildDomain (2ms)
		EndReloadAssembly (1335ms)
			LoadAssemblies (226ms)
			RebuildTransferFunctionScriptingTraits (0ms)
			SetupTypeCache (392ms)
			ReleaseScriptCaches (0ms)
			RebuildScriptCaches (146ms)
			SetupLoadedEditorAssemblies (522ms)
				LogAssemblyErrors (0ms)
				InitializePlatformSupportModulesInManaged (32ms)
				SetLoadedEditorAssemblies (1ms)
				RefreshPlugins (153ms)
				BeforeProcessingInitializeOnLoad (36ms)
				ProcessInitializeOnLoadAttributes (245ms)
				ProcessInitializeOnLoadMethodAttributes (56ms)
				AfterProcessingInitializeOnLoad (0ms)
				EditorAssembliesLoaded (0ms)
			ExecutionOrderSort2 (0ms)
			AwakeInstancesAfterBackupRestoration (0ms)
Platform modules already initialized, skipping
Registering precompiled user dll's ...
Registered in 0.011150 seconds.
Begin MonoManager ReloadAssembly
Native extension for LinuxStandalone target not found
Native extension for WindowsStandalone target not found
Native extension for OSXStandalone target not found
Refreshing native plugins compatible for Editor in 134.29 ms, found 2 plugins.
Preloading 0 native plugins for Editor in 0.00 ms.
Mono: successfully reloaded assembly
- Completed reload, in  2.842 seconds
Domain Reload Profiling:
	ReloadAssembly (2844ms)
		BeginReloadAssembly (352ms)
			ExecutionOrderSort (0ms)
			DisableScriptedObjects (15ms)
			BackupInstance (0ms)
			ReleaseScriptingObjects (0ms)
			CreateAndSetChildDomain (38ms)
		EndReloadAssembly (2346ms)
			LoadAssemblies (233ms)
			RebuildTransferFunctionScriptingTraits (0ms)
			SetupTypeCache (824ms)
			ReleaseScriptCaches (1ms)
			RebuildScriptCaches (106ms)
			SetupLoadedEditorAssemblies (914ms)
				LogAssemblyErrors (0ms)
				InitializePlatformSupportModulesInManaged (18ms)
				SetLoadedEditorAssemblies (0ms)
				RefreshPlugins (134ms)
				BeforeProcessingInitializeOnLoad (226ms)
				ProcessInitializeOnLoadAttributes (499ms)
				ProcessInitializeOnLoadMethodAttributes (21ms)
				AfterProcessingInitializeOnLoad (14ms)
				EditorAssembliesLoaded (1ms)
			ExecutionOrderSort2 (0ms)
			AwakeInstancesAfterBackupRestoration (19ms)
Platform modules already initialized, skipping
========================================================================
Worker process is ready to serve import requests
Launched and connected shader compiler UnityShaderCompiler.exe after 0.93 seconds
Refreshing native plugins compatible for Editor in 1.15 ms, found 2 plugins.
Preloading 0 native plugins for Editor in 0.00 ms.
Unloading 2810 Unused Serialized files (Serialized files now loaded: 0)
System memory in use before: 125.9 MB.
System memory in use after: 126.1 MB.

Unloading 20 unused Assets to reduce memory usage. Loaded Objects now: 3240.
Total: 5.561200 ms (FindLiveObjects: 0.426400 ms CreateObjectMapping: 0.274600 ms MarkObjects: 4.658400 ms  DeleteObjects: 0.199900 ms)

AssetImportParameters requested are different than current active one (requested -> active):
  custom:framework-win-MediaFoundation: 216162199b28c13a410421893ffa2e32 -> 
  custom:video-decoder-ogg-theora: a1e56fd34408186e4bbccfd4996cb3dc -> 
  custom:container-muxer-webm: aa71ff27fc2769a1b78a27578f13a17b -> 
  custom:container-demuxer-webm: 4f35f7cbe854078d1ac9338744f61a02 -> 
  custom:container-demuxer-ogg: 62fdf1f143b41e24485cea50d1cbac27 -> 
  custom:video-encoder-webm-vp8: eb34c28f22e8b96e1ab97ce403110664 -> 
  custom:video-codec-MediaFoundation-h265: 746d11721c4dcdbdad8f713fa42b33f4 -> 
  custom:video-decoder-webm-vp8: 9c59270c3fd7afecdb556c50c9e8de78 -> 
  custom:audio-decoder-ogg-vorbis: bf7c407c2cedff20999df2af8eb42d56 -> 
  custom:audio-encoder-webm-vorbis: bf7c407c2cedff20999df2af8eb42d56 -> 
========================================================================
Received Import Request.
  path: Assets/Readme.asset
  artifactKey: Guid(83c2ed844a8c74b779a4c823d16594b1) Importer(815301076,1909f56bfc062723c751e8b465ee728b)
Start importing Assets/Readme.asset using Guid(83c2ed844a8c74b779a4c823d16594b1) Importer(815301076,1909f56bfc062723c751e8b465ee728b)  -> (artifact id: '8ffd2c44ffeb50c574abb5d0c4453328') in 0.514036 seconds 
  Import took 0.538895 seconds .

========================================================================
Received Import Request.
  Time since last request: 3.970642 seconds.
  path: Assets/Scenes
  artifactKey: Guid(1dbffa25f64c4d640bd5c2d6d85cac5c) Importer(815301076,1909f56bfc062723c751e8b465ee728b)
Start importing Assets/Scenes using Guid(1dbffa25f64c4d640bd5c2d6d85cac5c) Importer(815301076,1909f56bfc062723c751e8b465ee728b)  -> (artifact id: '4c714e5b435327465b5f17900c4030b9') in 0.075641 seconds 
  Import took 0.153876 seconds .

========================================================================
Received Import Request.
  Time since last request: 18.618073 seconds.
  path: Assets/Scenes/GrassShaderScene.unity
  artifactKey: Guid(d78aa2afac5cad846b7f2284a1d329fa) Importer(815301076,1909f56bfc062723c751e8b465ee728b)
Start importing Assets/Scenes/GrassShaderScene.unity using Guid(d78aa2afac5cad846b7f2284a1d329fa) Importer(815301076,1909f56bfc062723c751e8b465ee728b)  -> (artifact id: '6e569fc40519d984f42f6d6c5647e78c') in 0.017214 seconds 
  Import took 0.045899 seconds .

========================================================================
Received Import Request.
  Time since last request: 28.957044 seconds.
  path: Assets
  artifactKey: Guid(00000000000000001000000000000000) Importer(815301076,1909f56bfc062723c751e8b465ee728b)
Start importing Assets using Guid(00000000000000001000000000000000) Importer(815301076,1909f56bfc062723c751e8b465ee728b)  -> (artifact id: '42d402b061de3733987d63b9cc3b64de') in 0.038157 seconds 
  Import took 0.105648 seconds .

========================================================================
Received Import Request.
  Time since last request: 9.965534 seconds.
  path: Assets/Grass Shader
  artifactKey: Guid(453441e62e4537b42bede57efa0bcf66) Importer(815301076,1909f56bfc062723c751e8b465ee728b)
Start importing Assets/Grass Shader using Guid(453441e62e4537b42bede57efa0bcf66) Importer(815301076,1909f56bfc062723c751e8b465ee728b)  -> (artifact id: '1b3c969e5a04453243ae9972648a8c70') in 0.043207 seconds 
  Import took 0.074714 seconds .

========================================================================
Received Import Request.
  Time since last request: 101.233429 seconds.
  path: Assets/Grass Shader/Grass Start.mat
  artifactKey: Guid(fe86b6f62ee66af458d5f9420dc5fb53) Importer(815301076,1909f56bfc062723c751e8b465ee728b)
Start importing Assets/Grass Shader/Grass Start.mat using Guid(fe86b6f62ee66af458d5f9420dc5fb53) Importer(815301076,1909f56bfc062723c751e8b465ee728b)  -> (artifact id: 'd691134c59b3117c031a8dc8da846110') in 4.174811 seconds 
  Import took 4.236503 seconds .

========================================================================
Received Import Request.
  Time since last request: 0.001394 seconds.
  path: Assets/Grass Shader/Grass Steps.mat
  artifactKey: Guid(1c10d9c646675eb40a486145fd671b36) Importer(815301076,1909f56bfc062723c751e8b465ee728b)
Start importing Assets/Grass Shader/Grass Steps.mat using Guid(1c10d9c646675eb40a486145fd671b36) Importer(815301076,1909f56bfc062723c751e8b465ee728b)  -> (artifact id: '21d1b3553bc5f61c713e0a52509392e4') in 0.101600 seconds 
  Import took 0.162959 seconds .

========================================================================
Received Import Request.
  Time since last request: 0.000266 seconds.
  path: Assets/Grass Shader/GrassCentral.mat
  artifactKey: Guid(06f47a8fc4fb4c8408631ef3dcb2b13e) Importer(815301076,1909f56bfc062723c751e8b465ee728b)
Start importing Assets/Grass Shader/GrassCentral.mat using Guid(06f47a8fc4fb4c8408631ef3dcb2b13e) Importer(815301076,1909f56bfc062723c751e8b465ee728b)  -> (artifact id: '15ded83dc5f34550276f7cf34dd7996a') in 0.123284 seconds 
  Import took 0.149984 seconds .

AssetImportWorkerClient::OnTransportError - code=2 error=End of file
